<!DOCTYPE html PUBLIC "-//W3C//DTD XHTML 1.1//EN" "http://www.w3.org/TR/xhtml11/DTD/xhtml11.dtd">
<html xmlns="http://www.w3.org/1999/xhtml"><head><title>TestNG Report</title><style type="text/css">table {margin-bottom:10px;border-collapse:collapse;empty-cells:show}th,td {border:1px solid #009;padding:.25em .5em}th {vertical-align:bottom}td {vertical-align:top}table a {font-weight:bold}.stripe td {background-color: #E6EBF9}.num {text-align:right}.passedodd td {background-color: #3F3}.passedeven td {background-color: #0A0}.skippedodd td {background-color: #DDD}.skippedeven td {background-color: #CCC}.failedodd td,.attn {background-color: #F33}.failedeven td,.stripe .attn {background-color: #D00}.stacktrace {white-space:pre;font-family:monospace}.totop {font-size:85%;text-align:center;border-bottom:2px solid #000}</style></head><body><table><tr><th>Test</th><th># Passed</th><th># Skipped</th><th># Failed</th><th>Time (ms)</th><th>Included Groups</th><th>Excluded Groups</th></tr><tr><th colspan="7">Command line suite</th></tr><tr><td><a href="#t0">Command line test</a></td><td class="num">0</td><td class="num attn">8</td><td class="num">0</td><td class="num">1,805</td><td></td><td></td></tr></table><table><thead><tr><th>Class</th><th>Method</th><th>Start</th><th>Time (ms)</th></tr></thead><tbody><tr><th colspan="4">Command line suite</th></tr></tbody><tbody id="t0"><tr><th colspan="4">Command line test &#8212; skipped</th></tr><tr class="skippedeven"><td rowspan="3">com.qtpselenium.framework.datadriven.PortFolio.LeastPerAssetTest</td><td><a href="#m0">LeastPerAssetTest</a></td><td rowspan="3">1459588808822</td><td rowspan="3">84</td></tr><tr class="skippedeven"><td><a href="#m1">LeastPerAssetTest</a></td></tr><tr class="skippedeven"><td><a href="#m2">LeastPerAssetTest</a></td></tr><tr class="skippedodd"><td rowspan="3">com.qtpselenium.framework.datadriven.PortFolio.LoginTest</td><td><a href="#m3">LoginTest</a></td><td rowspan="3">1459588809074</td><td rowspan="3">88</td></tr><tr class="skippedodd"><td><a href="#m4">LoginTest</a></td></tr><tr class="skippedodd"><td><a href="#m5">LoginTest</a></td></tr><tr class="skippedeven"><td rowspan="2">com.qtpselenium.framework.datadriven.PortFolio.Test4</td><td><a href="#m6">test4</a></td><td rowspan="2">1459588809399</td><td rowspan="2">76</td></tr><tr class="skippedeven"><td><a href="#m7">test4</a></td></tr></tbody></table><h2>Command line test</h2><h3 id="m0">com.qtpselenium.framework.datadriven.PortFolio.LeastPerAssetTest#LeastPerAssetTest</h3><table class="result"><tr class="param"><th>Parameter #1</th></tr><tr class="param stripe"><td>{Col4=C44, Col3=C34, Col2=C23, Runmode=N, Browser=C12, Result=}</td></tr><tr><th>Exception</th></tr><tr><td><div class="stacktrace">org.testng.SkipException: Skipping the testLeastPerAssetTestinside the suite PortFoliosuite
	at com.qtpselenium.framework.datadriven.TestBase.validateRunmodes(TestBase.java:72)
	at com.qtpselenium.framework.datadriven.PortFolio.LeastPerAssetTest.LeastPerAssetTest(LeastPerAssetTest.java:22)
... Removed 34 stack frames</div></td></tr></table><p class="totop"><a href="#summary">back to summary</a></p><h3 id="m1">com.qtpselenium.framework.datadriven.PortFolio.LeastPerAssetTest#LeastPerAssetTest</h3><table class="result"><tr class="param"><th>Parameter #1</th></tr><tr class="param stripe"><td>{Col4=C45, Col3=C35, Col2=C24, Runmode=N, Browser=C13, Result=}</td></tr><tr><th>Exception</th></tr><tr><td><div class="stacktrace">org.testng.SkipException: Skipping the testLeastPerAssetTestinside the suite PortFoliosuite
	at com.qtpselenium.framework.datadriven.TestBase.validateRunmodes(TestBase.java:72)
	at com.qtpselenium.framework.datadriven.PortFolio.LeastPerAssetTest.LeastPerAssetTest(LeastPerAssetTest.java:22)
... Removed 34 stack frames</div></td></tr></table><p class="totop"><a href="#summary">back to summary</a></p><h3 id="m2">com.qtpselenium.framework.datadriven.PortFolio.LeastPerAssetTest#LeastPerAssetTest</h3><table class="result"><tr class="param"><th>Parameter #1</th></tr><tr class="param stripe"><td>{Col4=, Col3=, Col2=, Runmode=Y, Browser=Chrome, Result=}</td></tr><tr><th>Exception</th></tr><tr><td><div class="stacktrace">org.testng.SkipException: Skipping the testLeastPerAssetTestinside the suite PortFoliosuite
	at com.qtpselenium.framework.datadriven.TestBase.validateRunmodes(TestBase.java:72)
	at com.qtpselenium.framework.datadriven.PortFolio.LeastPerAssetTest.LeastPerAssetTest(LeastPerAssetTest.java:22)
... Removed 34 stack frames</div></td></tr></table><p class="totop"><a href="#summary">back to summary</a></p><h3 id="m3">com.qtpselenium.framework.datadriven.PortFolio.LoginTest#LoginTest</h3><table class="result"><tr class="param"><th>Parameter #1</th></tr><tr class="param stripe"><td>{Username=sheel2006@gmail.com, Password=helpdesk, Runmode=Y, Expected Result=Success, Browser=Chrome, Result=}</td></tr><tr><th>Exception</th></tr><tr><td><div class="stacktrace">org.testng.SkipException: Skipping the testLoginTestinside the suite PortFoliosuite
	at com.qtpselenium.framework.datadriven.TestBase.validateRunmodes(TestBase.java:72)
	at com.qtpselenium.framework.datadriven.PortFolio.LoginTest.LoginTest(LoginTest.java:28)
... Removed 34 stack frames</div></td></tr></table><p class="totop"><a href="#summary">back to summary</a></p><h3 id="m4">com.qtpselenium.framework.datadriven.PortFolio.LoginTest#LoginTest</h3><table class="result"><tr class="param"><th>Parameter #1</th></tr><tr class="param stripe"><td>{Username=C23, Password=C34, Runmode=N, Expected Result=Failure, Browser=Chrome, Result=}</td></tr><tr><th>Exception</th></tr><tr><td><div class="stacktrace">org.testng.SkipException: Skipping the testLoginTestinside the suite PortFoliosuite
	at com.qtpselenium.framework.datadriven.TestBase.validateRunmodes(TestBase.java:72)
	at com.qtpselenium.framework.datadriven.PortFolio.LoginTest.LoginTest(LoginTest.java:28)
... Removed 34 stack frames</div></td></tr></table><p class="totop"><a href="#summary">back to summary</a></p><h3 id="m5">com.qtpselenium.framework.datadriven.PortFolio.LoginTest#LoginTest</h3><table class="result"><tr class="param"><th>Parameter #1</th></tr><tr class="param stripe"><td>{Username=C24, Password=C35, Runmode=N, Expected Result=Success, Browser=Mozilla, Result=}</td></tr><tr><th>Exception</th></tr><tr><td><div class="stacktrace">org.testng.SkipException: Skipping the testLoginTestinside the suite PortFoliosuite
	at com.qtpselenium.framework.datadriven.TestBase.validateRunmodes(TestBase.java:72)
	at com.qtpselenium.framework.datadriven.PortFolio.LoginTest.LoginTest(LoginTest.java:28)
... Removed 34 stack frames</div></td></tr></table><p class="totop"><a href="#summary">back to summary</a></p><h3 id="m6">com.qtpselenium.framework.datadriven.PortFolio.Test4#test4</h3><table class="result"><tr class="param"><th>Parameter #1</th></tr><tr class="param stripe"><td>{Col1=C11, Runmode=Y, Result=}</td></tr><tr><th>Exception</th></tr><tr><td><div class="stacktrace">org.testng.SkipException: Skipping the testTest4inside the suite PortFoliosuite
	at com.qtpselenium.framework.datadriven.TestBase.validateRunmodes(TestBase.java:72)
	at com.qtpselenium.framework.datadriven.PortFolio.Test4.test4(Test4.java:21)
... Removed 34 stack frames</div></td></tr></table><p class="totop"><a href="#summary">back to summary</a></p><h3 id="m7">com.qtpselenium.framework.datadriven.PortFolio.Test4#test4</h3><table class="result"><tr class="param"><th>Parameter #1</th></tr><tr class="param stripe"><td>{Col1=C12, Runmode=Y, Result=}</td></tr><tr><th>Exception</th></tr><tr><td><div class="stacktrace">org.testng.SkipException: Skipping the testTest4inside the suite PortFoliosuite
	at com.qtpselenium.framework.datadriven.TestBase.validateRunmodes(TestBase.java:72)
	at com.qtpselenium.framework.datadriven.PortFolio.Test4.test4(Test4.java:21)
... Removed 34 stack frames</div></td></tr></table><p class="totop"><a href="#summary">back to summary</a></p></body></html>