<?xml version="1.0" encoding="UTF-8"?>
<testng-results skipped="4" failed="0" total="19" passed="15">
  <reporter-output>
  </reporter-output>
  <suite name="Command line suite" duration-ms="2386" started-at="2016-03-08T16:34:46Z" finished-at="2016-03-08T16:34:48Z">
    <groups>
    </groups>
    <test name="Command line test" duration-ms="2386" started-at="2016-03-08T16:34:46Z" finished-at="2016-03-08T16:34:48Z">
      <class name="com.qtpselenium.framework.datadriven.suiteA.Test1">
        <test-method status="PASS" signature="test1(java.util.Hashtable)[pri:0, instance:com.qtpselenium.framework.datadriven.suiteA.Test1@224edc67]" name="test1" duration-ms="106" started-at="2016-03-08T22:04:47Z" data-provider="suiteADataProvider" finished-at="2016-03-08T22:04:47Z">
          <params>
            <param index="0">
              <value>
                <![CDATA[{Col3=C33, Col2=C22, Col1=C11, Runmode=Y, Result=}]]>
              </value>
            </param>
          </params>
          <reporter-output>
          </reporter-output>
        </test-method> <!-- test1 -->
        <test-method status="PASS" signature="test1(java.util.Hashtable)[pri:0, instance:com.qtpselenium.framework.datadriven.suiteA.Test1@224edc67]" name="test1" duration-ms="70" started-at="2016-03-08T22:04:47Z" data-provider="suiteADataProvider" finished-at="2016-03-08T22:04:47Z">
          <params>
            <param index="0">
              <value>
                <![CDATA[{Col3=C34, Col2=C23, Col1=C12, Runmode=Y, Result=}]]>
              </value>
            </param>
          </params>
          <reporter-output>
          </reporter-output>
        </test-method> <!-- test1 -->
        <test-method status="PASS" signature="test1(java.util.Hashtable)[pri:0, instance:com.qtpselenium.framework.datadriven.suiteA.Test1@224edc67]" name="test1" duration-ms="60" started-at="2016-03-08T22:04:47Z" data-provider="suiteADataProvider" finished-at="2016-03-08T22:04:47Z">
          <params>
            <param index="0">
              <value>
                <![CDATA[{Col3=C35, Col2=C24, Col1=C13, Runmode=Y, Result=}]]>
              </value>
            </param>
          </params>
          <reporter-output>
          </reporter-output>
        </test-method> <!-- test1 -->
      </class> <!-- com.qtpselenium.framework.datadriven.suiteA.Test1 -->
      <class name="com.qtpselenium.framework.datadriven.suiteA.Test2">
        <test-method status="PASS" signature="test2(java.util.Hashtable)[pri:0, instance:com.qtpselenium.framework.datadriven.suiteA.Test2@d8355a8]" name="test2" duration-ms="95" started-at="2016-03-08T22:04:48Z" data-provider="suiteADataProvider" finished-at="2016-03-08T22:04:48Z">
          <params>
            <param index="0">
              <value>
                <![CDATA[{Col4=C43, Col3=C33, Col2=C22, Col1=C11, Runmode=Y, Result=}]]>
              </value>
            </param>
          </params>
          <reporter-output>
          </reporter-output>
        </test-method> <!-- test2 -->
        <test-method status="PASS" signature="test2(java.util.Hashtable)[pri:0, instance:com.qtpselenium.framework.datadriven.suiteA.Test2@d8355a8]" name="test2" duration-ms="47" started-at="2016-03-08T22:04:48Z" data-provider="suiteADataProvider" finished-at="2016-03-08T22:04:48Z">
          <params>
            <param index="0">
              <value>
                <![CDATA[{Col4=C44, Col3=C34, Col2=C23, Col1=C12, Runmode=Y, Result=}]]>
              </value>
            </param>
          </params>
          <reporter-output>
          </reporter-output>
        </test-method> <!-- test2 -->
        <test-method status="PASS" signature="test2(java.util.Hashtable)[pri:0, instance:com.qtpselenium.framework.datadriven.suiteA.Test2@d8355a8]" name="test2" duration-ms="52" started-at="2016-03-08T22:04:48Z" data-provider="suiteADataProvider" finished-at="2016-03-08T22:04:48Z">
          <params>
            <param index="0">
              <value>
                <![CDATA[{Col4=C45, Col3=C35, Col2=C24, Col1=C13, Runmode=Y, Result=}]]>
              </value>
            </param>
          </params>
          <reporter-output>
          </reporter-output>
        </test-method> <!-- test2 -->
      </class> <!-- com.qtpselenium.framework.datadriven.suiteA.Test2 -->
      <class name="com.qtpselenium.framework.datadriven.suiteA.Test5">
        <test-method status="PASS" signature="test5(java.util.Hashtable)[pri:0, instance:com.qtpselenium.framework.datadriven.suiteA.Test5@4501b7af]" name="test5" duration-ms="50" started-at="2016-03-08T22:04:48Z" data-provider="suiteADataProvider" finished-at="2016-03-08T22:04:48Z">
          <params>
            <param index="0">
              <value>
                <![CDATA[{Col6=Col63, Col5=C53, Col4=C43, Col3=C33, Col2=C22, Col1=C11, Runmode=Y, Result=}]]>
              </value>
            </param>
          </params>
          <reporter-output>
          </reporter-output>
        </test-method> <!-- test5 -->
        <test-method status="SKIP" signature="test5(java.util.Hashtable)[pri:0, instance:com.qtpselenium.framework.datadriven.suiteA.Test5@4501b7af]" name="test5" duration-ms="55" started-at="2016-03-08T22:04:48Z" data-provider="suiteADataProvider" finished-at="2016-03-08T22:04:48Z">
          <params>
            <param index="0">
              <value>
                <![CDATA[{Col6=Col64, Col5=C54, Col4=C44, Col3=C34, Col2=C23, Col1=C12, Runmode=N, Result=}]]>
              </value>
            </param>
          </params>
          <exception class="org.testng.SkipException">
            <message>
              <![CDATA[Skipping the testTest5inside the suite SuiteA]]>
            </message>
            <full-stacktrace>
              <![CDATA[org.testng.SkipException: Skipping the testTest5inside the suite SuiteA
	at com.qtp.selenium.framework.datadriven.DataDrivenFramework.TestBase.validateRunmodes(TestBase.java:49)
	at com.qtpselenium.framework.datadriven.suiteA.Test5.test5(Test5.java:15)
	at sun.reflect.NativeMethodAccessorImpl.invoke0(Native Method)
	at sun.reflect.NativeMethodAccessorImpl.invoke(NativeMethodAccessorImpl.java:62)
	at sun.reflect.DelegatingMethodAccessorImpl.invoke(DelegatingMethodAccessorImpl.java:43)
	at java.lang.reflect.Method.invoke(Method.java:497)
	at org.testng.internal.MethodInvocationHelper.invokeMethod(MethodInvocationHelper.java:86)
	at org.testng.internal.Invoker.invokeMethod(Invoker.java:643)
	at org.testng.internal.Invoker.invokeTestMethod(Invoker.java:820)
	at org.testng.internal.Invoker.invokeTestMethods(Invoker.java:1128)
	at org.testng.internal.TestMethodWorker.invokeTestMethods(TestMethodWorker.java:129)
	at org.testng.internal.TestMethodWorker.run(TestMethodWorker.java:112)
	at org.testng.TestRunner.privateRun(TestRunner.java:782)
	at org.testng.TestRunner.run(TestRunner.java:632)
	at org.testng.SuiteRunner.runTest(SuiteRunner.java:366)
	at org.testng.SuiteRunner.runSequentially(SuiteRunner.java:361)
	at org.testng.SuiteRunner.privateRun(SuiteRunner.java:319)
	at org.testng.SuiteRunner.run(SuiteRunner.java:268)
	at org.testng.SuiteRunnerWorker.runSuite(SuiteRunnerWorker.java:52)
	at org.testng.SuiteRunnerWorker.run(SuiteRunnerWorker.java:86)
	at org.testng.TestNG.runSuitesSequentially(TestNG.java:1244)
	at org.testng.TestNG.runSuitesLocally(TestNG.java:1169)
	at org.testng.TestNG.run(TestNG.java:1064)
	at org.apache.maven.surefire.testng.TestNGExecutor.run(TestNGExecutor.java:77)
	at org.apache.maven.surefire.testng.TestNGDirectoryTestSuite.executeMulti(TestNGDirectoryTestSuite.java:159)
	at org.apache.maven.surefire.testng.TestNGDirectoryTestSuite.execute(TestNGDirectoryTestSuite.java:99)
	at org.apache.maven.surefire.testng.TestNGProvider.invoke(TestNGProvider.java:106)
	at sun.reflect.NativeMethodAccessorImpl.invoke0(Native Method)
	at sun.reflect.NativeMethodAccessorImpl.invoke(NativeMethodAccessorImpl.java:62)
	at sun.reflect.DelegatingMethodAccessorImpl.invoke(DelegatingMethodAccessorImpl.java:43)
	at java.lang.reflect.Method.invoke(Method.java:497)
	at org.apache.maven.surefire.util.ReflectionUtils.invokeMethodWithArray(ReflectionUtils.java:189)
	at org.apache.maven.surefire.booter.ProviderFactory$ProviderProxy.invoke(ProviderFactory.java:165)
	at org.apache.maven.surefire.booter.ProviderFactory.invokeProvider(ProviderFactory.java:85)
	at org.apache.maven.surefire.booter.ForkedBooter.runSuitesInProcess(ForkedBooter.java:115)
	at org.apache.maven.surefire.booter.ForkedBooter.main(ForkedBooter.java:75)
]]>
            </full-stacktrace>
          </exception> <!-- org.testng.SkipException -->
          <reporter-output>
          </reporter-output>
        </test-method> <!-- test5 -->
        <test-method status="PASS" signature="test5(java.util.Hashtable)[pri:0, instance:com.qtpselenium.framework.datadriven.suiteA.Test5@4501b7af]" name="test5" duration-ms="42" started-at="2016-03-08T22:04:48Z" data-provider="suiteADataProvider" finished-at="2016-03-08T22:04:48Z">
          <params>
            <param index="0">
              <value>
                <![CDATA[{Col6=Col65, Col5=C55, Col4=C45, Col3=C35, Col2=C24, Col1=C13, Runmode=Y, Result=}]]>
              </value>
            </param>
          </params>
          <reporter-output>
          </reporter-output>
        </test-method> <!-- test5 -->
      </class> <!-- com.qtpselenium.framework.datadriven.suiteA.Test5 -->
      <class name="com.qtpselenium.framework.datadriven.suiteA.Test3">
        <test-method status="SKIP" signature="test3(java.util.Hashtable)[pri:0, instance:com.qtpselenium.framework.datadriven.suiteA.Test3@59fa1d9b]" name="test3" duration-ms="54" started-at="2016-03-08T22:04:48Z" data-provider="suiteADataProvider" finished-at="2016-03-08T22:04:48Z">
          <params>
            <param index="0">
              <value>
                <![CDATA[{Col5=C53, Col4=C43, Col3=C33, Col2=C22, Col1=C11, Runmode=Y, Result=}]]>
              </value>
            </param>
          </params>
          <exception class="org.testng.SkipException">
            <message>
              <![CDATA[Skipping the testTest3inside the suite SuiteA]]>
            </message>
            <full-stacktrace>
              <![CDATA[org.testng.SkipException: Skipping the testTest3inside the suite SuiteA
	at com.qtp.selenium.framework.datadriven.DataDrivenFramework.TestBase.validateRunmodes(TestBase.java:49)
	at com.qtpselenium.framework.datadriven.suiteA.Test3.test3(Test3.java:19)
	at sun.reflect.NativeMethodAccessorImpl.invoke0(Native Method)
	at sun.reflect.NativeMethodAccessorImpl.invoke(NativeMethodAccessorImpl.java:62)
	at sun.reflect.DelegatingMethodAccessorImpl.invoke(DelegatingMethodAccessorImpl.java:43)
	at java.lang.reflect.Method.invoke(Method.java:497)
	at org.testng.internal.MethodInvocationHelper.invokeMethod(MethodInvocationHelper.java:86)
	at org.testng.internal.Invoker.invokeMethod(Invoker.java:643)
	at org.testng.internal.Invoker.invokeTestMethod(Invoker.java:820)
	at org.testng.internal.Invoker.invokeTestMethods(Invoker.java:1128)
	at org.testng.internal.TestMethodWorker.invokeTestMethods(TestMethodWorker.java:129)
	at org.testng.internal.TestMethodWorker.run(TestMethodWorker.java:112)
	at org.testng.TestRunner.privateRun(TestRunner.java:782)
	at org.testng.TestRunner.run(TestRunner.java:632)
	at org.testng.SuiteRunner.runTest(SuiteRunner.java:366)
	at org.testng.SuiteRunner.runSequentially(SuiteRunner.java:361)
	at org.testng.SuiteRunner.privateRun(SuiteRunner.java:319)
	at org.testng.SuiteRunner.run(SuiteRunner.java:268)
	at org.testng.SuiteRunnerWorker.runSuite(SuiteRunnerWorker.java:52)
	at org.testng.SuiteRunnerWorker.run(SuiteRunnerWorker.java:86)
	at org.testng.TestNG.runSuitesSequentially(TestNG.java:1244)
	at org.testng.TestNG.runSuitesLocally(TestNG.java:1169)
	at org.testng.TestNG.run(TestNG.java:1064)
	at org.apache.maven.surefire.testng.TestNGExecutor.run(TestNGExecutor.java:77)
	at org.apache.maven.surefire.testng.TestNGDirectoryTestSuite.executeMulti(TestNGDirectoryTestSuite.java:159)
	at org.apache.maven.surefire.testng.TestNGDirectoryTestSuite.execute(TestNGDirectoryTestSuite.java:99)
	at org.apache.maven.surefire.testng.TestNGProvider.invoke(TestNGProvider.java:106)
	at sun.reflect.NativeMethodAccessorImpl.invoke0(Native Method)
	at sun.reflect.NativeMethodAccessorImpl.invoke(NativeMethodAccessorImpl.java:62)
	at sun.reflect.DelegatingMethodAccessorImpl.invoke(DelegatingMethodAccessorImpl.java:43)
	at java.lang.reflect.Method.invoke(Method.java:497)
	at org.apache.maven.surefire.util.ReflectionUtils.invokeMethodWithArray(ReflectionUtils.java:189)
	at org.apache.maven.surefire.booter.ProviderFactory$ProviderProxy.invoke(ProviderFactory.java:165)
	at org.apache.maven.surefire.booter.ProviderFactory.invokeProvider(ProviderFactory.java:85)
	at org.apache.maven.surefire.booter.ForkedBooter.runSuitesInProcess(ForkedBooter.java:115)
	at org.apache.maven.surefire.booter.ForkedBooter.main(ForkedBooter.java:75)
]]>
            </full-stacktrace>
          </exception> <!-- org.testng.SkipException -->
          <reporter-output>
          </reporter-output>
        </test-method> <!-- test3 -->
      </class> <!-- com.qtpselenium.framework.datadriven.suiteA.Test3 -->
      <class name="com.qtpselenium.framework.datadriven.suiteA.Test4">
        <test-method status="PASS" signature="test4(java.util.Hashtable)[pri:0, instance:com.qtpselenium.framework.datadriven.suiteA.Test4@28d25987]" name="test4" duration-ms="78" started-at="2016-03-08T22:04:48Z" data-provider="suiteADataProvider" finished-at="2016-03-08T22:04:48Z">
          <params>
            <param index="0">
              <value>
                <![CDATA[{Col1=C11, Runmode=Y, Result=}]]>
              </value>
            </param>
          </params>
          <reporter-output>
          </reporter-output>
        </test-method> <!-- test4 -->
        <test-method status="PASS" signature="test4(java.util.Hashtable)[pri:0, instance:com.qtpselenium.framework.datadriven.suiteA.Test4@28d25987]" name="test4" duration-ms="55" started-at="2016-03-08T22:04:48Z" data-provider="suiteADataProvider" finished-at="2016-03-08T22:04:48Z">
          <params>
            <param index="0">
              <value>
                <![CDATA[{Col1=C12, Runmode=Y, Result=}]]>
              </value>
            </param>
          </params>
          <reporter-output>
          </reporter-output>
        </test-method> <!-- test4 -->
      </class> <!-- com.qtpselenium.framework.datadriven.suiteA.Test4 -->
      <class name="com.qtpselenium.framework.datadriven.suiteB.Test1">
        <test-method status="PASS" signature="test1(java.util.Hashtable)[pri:0, instance:com.qtpselenium.framework.datadriven.suiteB.Test1@523884b2]" name="test1" duration-ms="90" started-at="2016-03-08T22:04:47Z" data-provider="suiteBDataProvider" finished-at="2016-03-08T22:04:47Z">
          <params>
            <param index="0">
              <value>
                <![CDATA[{Col3=C33, Col2=C22, Col1=C11, Runmode=Y, Result=}]]>
              </value>
            </param>
          </params>
          <reporter-output>
          </reporter-output>
        </test-method> <!-- test1 -->
        <test-method status="PASS" signature="test1(java.util.Hashtable)[pri:0, instance:com.qtpselenium.framework.datadriven.suiteB.Test1@523884b2]" name="test1" duration-ms="59" started-at="2016-03-08T22:04:47Z" data-provider="suiteBDataProvider" finished-at="2016-03-08T22:04:47Z">
          <params>
            <param index="0">
              <value>
                <![CDATA[{Col3=C34, Col2=C23, Col1=C12, Runmode=Y, Result=}]]>
              </value>
            </param>
          </params>
          <reporter-output>
          </reporter-output>
        </test-method> <!-- test1 -->
        <test-method status="PASS" signature="test1(java.util.Hashtable)[pri:0, instance:com.qtpselenium.framework.datadriven.suiteB.Test1@523884b2]" name="test1" duration-ms="51" started-at="2016-03-08T22:04:47Z" data-provider="suiteBDataProvider" finished-at="2016-03-08T22:04:48Z">
          <params>
            <param index="0">
              <value>
                <![CDATA[{Col3=C35, Col2=C24, Col1=C13, Runmode=Y, Result=}]]>
              </value>
            </param>
          </params>
          <reporter-output>
          </reporter-output>
        </test-method> <!-- test1 -->
      </class> <!-- com.qtpselenium.framework.datadriven.suiteB.Test1 -->
      <class name="com.qtpselenium.framework.datadriven.suiteB.Test3">
        <test-method status="SKIP" signature="test3(java.util.Hashtable)[pri:0, instance:com.qtpselenium.framework.datadriven.suiteB.Test3@61832929]" name="test3" duration-ms="55" started-at="2016-03-08T22:04:48Z" data-provider="suiteBDataProvider" finished-at="2016-03-08T22:04:48Z">
          <params>
            <param index="0">
              <value>
                <![CDATA[{Col4=, Col3=, Col2=, Col1=, Runmode=, Result=}]]>
              </value>
            </param>
          </params>
          <exception class="org.testng.SkipException">
            <message>
              <![CDATA[Skipping the testTest3inside the suite SuiteB]]>
            </message>
            <full-stacktrace>
              <![CDATA[org.testng.SkipException: Skipping the testTest3inside the suite SuiteB
	at com.qtp.selenium.framework.datadriven.DataDrivenFramework.TestBase.validateRunmodes(TestBase.java:49)
	at com.qtpselenium.framework.datadriven.suiteB.Test3.test3(Test3.java:16)
	at sun.reflect.NativeMethodAccessorImpl.invoke0(Native Method)
	at sun.reflect.NativeMethodAccessorImpl.invoke(NativeMethodAccessorImpl.java:62)
	at sun.reflect.DelegatingMethodAccessorImpl.invoke(DelegatingMethodAccessorImpl.java:43)
	at java.lang.reflect.Method.invoke(Method.java:497)
	at org.testng.internal.MethodInvocationHelper.invokeMethod(MethodInvocationHelper.java:86)
	at org.testng.internal.Invoker.invokeMethod(Invoker.java:643)
	at org.testng.internal.Invoker.invokeTestMethod(Invoker.java:820)
	at org.testng.internal.Invoker.invokeTestMethods(Invoker.java:1128)
	at org.testng.internal.TestMethodWorker.invokeTestMethods(TestMethodWorker.java:129)
	at org.testng.internal.TestMethodWorker.run(TestMethodWorker.java:112)
	at org.testng.TestRunner.privateRun(TestRunner.java:782)
	at org.testng.TestRunner.run(TestRunner.java:632)
	at org.testng.SuiteRunner.runTest(SuiteRunner.java:366)
	at org.testng.SuiteRunner.runSequentially(SuiteRunner.java:361)
	at org.testng.SuiteRunner.privateRun(SuiteRunner.java:319)
	at org.testng.SuiteRunner.run(SuiteRunner.java:268)
	at org.testng.SuiteRunnerWorker.runSuite(SuiteRunnerWorker.java:52)
	at org.testng.SuiteRunnerWorker.run(SuiteRunnerWorker.java:86)
	at org.testng.TestNG.runSuitesSequentially(TestNG.java:1244)
	at org.testng.TestNG.runSuitesLocally(TestNG.java:1169)
	at org.testng.TestNG.run(TestNG.java:1064)
	at org.apache.maven.surefire.testng.TestNGExecutor.run(TestNGExecutor.java:77)
	at org.apache.maven.surefire.testng.TestNGDirectoryTestSuite.executeMulti(TestNGDirectoryTestSuite.java:159)
	at org.apache.maven.surefire.testng.TestNGDirectoryTestSuite.execute(TestNGDirectoryTestSuite.java:99)
	at org.apache.maven.surefire.testng.TestNGProvider.invoke(TestNGProvider.java:106)
	at sun.reflect.NativeMethodAccessorImpl.invoke0(Native Method)
	at sun.reflect.NativeMethodAccessorImpl.invoke(NativeMethodAccessorImpl.java:62)
	at sun.reflect.DelegatingMethodAccessorImpl.invoke(DelegatingMethodAccessorImpl.java:43)
	at java.lang.reflect.Method.invoke(Method.java:497)
	at org.apache.maven.surefire.util.ReflectionUtils.invokeMethodWithArray(ReflectionUtils.java:189)
	at org.apache.maven.surefire.booter.ProviderFactory$ProviderProxy.invoke(ProviderFactory.java:165)
	at org.apache.maven.surefire.booter.ProviderFactory.invokeProvider(ProviderFactory.java:85)
	at org.apache.maven.surefire.booter.ForkedBooter.runSuitesInProcess(ForkedBooter.java:115)
	at org.apache.maven.surefire.booter.ForkedBooter.main(ForkedBooter.java:75)
]]>
            </full-stacktrace>
          </exception> <!-- org.testng.SkipException -->
          <reporter-output>
          </reporter-output>
        </test-method> <!-- test3 -->
      </class> <!-- com.qtpselenium.framework.datadriven.suiteB.Test3 -->
      <class name="com.qtpselenium.framework.datadriven.suiteB.Test2">
        <test-method status="PASS" signature="test2(java.util.Hashtable)[pri:0, instance:com.qtpselenium.framework.datadriven.suiteB.Test2@5b275dab]" name="test2" duration-ms="56" started-at="2016-03-08T22:04:48Z" data-provider="suiteBDataProvider" finished-at="2016-03-08T22:04:48Z">
          <params>
            <param index="0">
              <value>
                <![CDATA[{Col4=C43, Col3=C33, Col2=C22, Col1=C11, Runmode=Y, Result=}]]>
              </value>
            </param>
          </params>
          <reporter-output>
          </reporter-output>
        </test-method> <!-- test2 -->
        <test-method status="SKIP" signature="test2(java.util.Hashtable)[pri:0, instance:com.qtpselenium.framework.datadriven.suiteB.Test2@5b275dab]" name="test2" duration-ms="54" started-at="2016-03-08T22:04:48Z" data-provider="suiteBDataProvider" finished-at="2016-03-08T22:04:48Z">
          <params>
            <param index="0">
              <value>
                <![CDATA[{Col4=C44, Col3=C34, Col2=C23, Col1=C12, Runmode=N, Result=}]]>
              </value>
            </param>
          </params>
          <exception class="org.testng.SkipException">
            <message>
              <![CDATA[Skipping the testTest2inside the suite SuiteB]]>
            </message>
            <full-stacktrace>
              <![CDATA[org.testng.SkipException: Skipping the testTest2inside the suite SuiteB
	at com.qtp.selenium.framework.datadriven.DataDrivenFramework.TestBase.validateRunmodes(TestBase.java:49)
	at com.qtpselenium.framework.datadriven.suiteB.Test2.test2(Test2.java:16)
	at sun.reflect.NativeMethodAccessorImpl.invoke0(Native Method)
	at sun.reflect.NativeMethodAccessorImpl.invoke(NativeMethodAccessorImpl.java:62)
	at sun.reflect.DelegatingMethodAccessorImpl.invoke(DelegatingMethodAccessorImpl.java:43)
	at java.lang.reflect.Method.invoke(Method.java:497)
	at org.testng.internal.MethodInvocationHelper.invokeMethod(MethodInvocationHelper.java:86)
	at org.testng.internal.Invoker.invokeMethod(Invoker.java:643)
	at org.testng.internal.Invoker.invokeTestMethod(Invoker.java:820)
	at org.testng.internal.Invoker.invokeTestMethods(Invoker.java:1128)
	at org.testng.internal.TestMethodWorker.invokeTestMethods(TestMethodWorker.java:129)
	at org.testng.internal.TestMethodWorker.run(TestMethodWorker.java:112)
	at org.testng.TestRunner.privateRun(TestRunner.java:782)
	at org.testng.TestRunner.run(TestRunner.java:632)
	at org.testng.SuiteRunner.runTest(SuiteRunner.java:366)
	at org.testng.SuiteRunner.runSequentially(SuiteRunner.java:361)
	at org.testng.SuiteRunner.privateRun(SuiteRunner.java:319)
	at org.testng.SuiteRunner.run(SuiteRunner.java:268)
	at org.testng.SuiteRunnerWorker.runSuite(SuiteRunnerWorker.java:52)
	at org.testng.SuiteRunnerWorker.run(SuiteRunnerWorker.java:86)
	at org.testng.TestNG.runSuitesSequentially(TestNG.java:1244)
	at org.testng.TestNG.runSuitesLocally(TestNG.java:1169)
	at org.testng.TestNG.run(TestNG.java:1064)
	at org.apache.maven.surefire.testng.TestNGExecutor.run(TestNGExecutor.java:77)
	at org.apache.maven.surefire.testng.TestNGDirectoryTestSuite.executeMulti(TestNGDirectoryTestSuite.java:159)
	at org.apache.maven.surefire.testng.TestNGDirectoryTestSuite.execute(TestNGDirectoryTestSuite.java:99)
	at org.apache.maven.surefire.testng.TestNGProvider.invoke(TestNGProvider.java:106)
	at sun.reflect.NativeMethodAccessorImpl.invoke0(Native Method)
	at sun.reflect.NativeMethodAccessorImpl.invoke(NativeMethodAccessorImpl.java:62)
	at sun.reflect.DelegatingMethodAccessorImpl.invoke(DelegatingMethodAccessorImpl.java:43)
	at java.lang.reflect.Method.invoke(Method.java:497)
	at org.apache.maven.surefire.util.ReflectionUtils.invokeMethodWithArray(ReflectionUtils.java:189)
	at org.apache.maven.surefire.booter.ProviderFactory$ProviderProxy.invoke(ProviderFactory.java:165)
	at org.apache.maven.surefire.booter.ProviderFactory.invokeProvider(ProviderFactory.java:85)
	at org.apache.maven.surefire.booter.ForkedBooter.runSuitesInProcess(ForkedBooter.java:115)
	at org.apache.maven.surefire.booter.ForkedBooter.main(ForkedBooter.java:75)
]]>
            </full-stacktrace>
          </exception> <!-- org.testng.SkipException -->
          <reporter-output>
          </reporter-output>
        </test-method> <!-- test2 -->
        <test-method status="PASS" signature="test2(java.util.Hashtable)[pri:0, instance:com.qtpselenium.framework.datadriven.suiteB.Test2@5b275dab]" name="test2" duration-ms="59" started-at="2016-03-08T22:04:48Z" data-provider="suiteBDataProvider" finished-at="2016-03-08T22:04:48Z">
          <params>
            <param index="0">
              <value>
                <![CDATA[{Col4=C45, Col3=C35, Col2=C24, Col1=C13, Runmode=Y, Result=}]]>
              </value>
            </param>
          </params>
          <reporter-output>
          </reporter-output>
        </test-method> <!-- test2 -->
      </class> <!-- com.qtpselenium.framework.datadriven.suiteB.Test2 -->
    </test> <!-- Command line test -->
  </suite> <!-- Command line suite -->
</testng-results>
