<?xml version="1.0" encoding="UTF-8"?>
<!-- Generated by org.testng.reporters.JUnitXMLReporter -->
<testsuite hostname="Lenovo-PC" name="Gmail login" tests="3" failures="1" timestamp="7 Feb 2017 16:50:33 GMT" time="10.582" errors="0">
  <testcase name="dologin" time="9.882" classname="com.qtpselenium.core.hybrid.core_hybrid_testcases.GmailLogin">
    <failure type="java.lang.AssertionError">
      <![CDATA[java.lang.AssertionError: 
	at com.qtpselenium.core.hybrid.Core_Hybrid_Framework.Keywords.executeKeywords(Keywords.java:65)
	at com.qtpselenium.core.hybrid.core_hybrid_testcases.GmailLogin.dologin(GmailLogin.java:39)
... Removed 26 stack frames]]>
    </failure>
  </testcase> <!-- dologin -->
  <testcase name="dologin" time="0.003" classname="com.qtpselenium.core.hybrid.core_hybrid_testcases.GmailLogin">
    <skipped/>
  </testcase> <!-- dologin -->
  <testcase name="dologin" time="0.005" classname="com.qtpselenium.core.hybrid.core_hybrid_testcases.GmailLogin">
    <skipped/>
  </testcase> <!-- dologin -->
</testsuite> <!-- Gmail login -->
