<?xml version="1.0" encoding="UTF-8"?>
<testng-results skipped="2" failed="1" total="3" passed="0">
  <reporter-output>
  </reporter-output>
  <suite name="Suite_A" duration-ms="13015" started-at="2017-04-30T08:21:53Z" finished-at="2017-04-30T08:22:06Z">
    <groups>
    </groups>
    <test name="Gmail login" duration-ms="13015" started-at="2017-04-30T08:21:53Z" finished-at="2017-04-30T08:22:06Z">
      <class name="com.qtpselenium.core.hybrid.core_hybrid_testcases.GmailLogin">
        <test-method status="FAIL" signature="dologin(java.util.Hashtable)[pri:0, instance:com.qtpselenium.core.hybrid.core_hybrid_testcases.GmailLogin@581ac8a8]" name="dologin" duration-ms="12082" started-at="2017-04-30T13:51:53Z" data-provider="getData" finished-at="2017-04-30T13:52:05Z">
          <params>
            <param index="0">
              <value>
                <![CDATA[{Name=Selenium, Username=Selenium@gmail.com, Password=Test123, Runmode=Y, Browser=FireFox}]]>
              </value>
            </param>
          </params>
          <exception class="java.lang.AssertionError">
            <full-stacktrace>
              <![CDATA[java.lang.AssertionError: 
	at org.testng.Assert.fail(Assert.java:94)
	at com.qtpselenium.core.hybrid.Core_Hybrid_Framework.Keywords.executeKeywords(Keywords.java:65)
	at com.qtpselenium.core.hybrid.core_hybrid_testcases.GmailLogin.dologin(GmailLogin.java:39)
	at sun.reflect.NativeMethodAccessorImpl.invoke0(Native Method)
	at sun.reflect.NativeMethodAccessorImpl.invoke(Unknown Source)
	at sun.reflect.DelegatingMethodAccessorImpl.invoke(Unknown Source)
	at java.lang.reflect.Method.invoke(Unknown Source)
	at org.testng.internal.MethodInvocationHelper.invokeMethod(MethodInvocationHelper.java:86)
	at org.testng.internal.Invoker.invokeMethod(Invoker.java:643)
	at org.testng.internal.Invoker.invokeTestMethod(Invoker.java:820)
	at org.testng.internal.Invoker.invokeTestMethods(Invoker.java:1128)
	at org.testng.internal.TestMethodWorker.invokeTestMethods(TestMethodWorker.java:129)
	at org.testng.internal.TestMethodWorker.run(TestMethodWorker.java:112)
	at org.testng.TestRunner.privateRun(TestRunner.java:782)
	at org.testng.TestRunner.run(TestRunner.java:632)
	at org.testng.SuiteRunner.runTest(SuiteRunner.java:366)
	at org.testng.SuiteRunner.runSequentially(SuiteRunner.java:361)
	at org.testng.SuiteRunner.privateRun(SuiteRunner.java:319)
	at org.testng.SuiteRunner.run(SuiteRunner.java:268)
	at org.testng.SuiteRunnerWorker.runSuite(SuiteRunnerWorker.java:52)
	at org.testng.SuiteRunnerWorker.run(SuiteRunnerWorker.java:86)
	at org.testng.TestNG.runSuitesSequentially(TestNG.java:1244)
	at org.testng.TestNG.runSuitesSequentially(TestNG.java:1240)
	at org.testng.TestNG.runSuitesLocally(TestNG.java:1169)
	at org.testng.TestNG.run(TestNG.java:1064)
	at org.testng.remote.AbstractRemoteTestNG.run(AbstractRemoteTestNG.java:126)
	at org.testng.remote.RemoteTestNG.initAndRun(RemoteTestNG.java:137)
	at org.testng.remote.RemoteTestNG.main(RemoteTestNG.java:58)
]]>
            </full-stacktrace>
          </exception> <!-- java.lang.AssertionError -->
          <reporter-output>
          </reporter-output>
        </test-method> <!-- dologin -->
        <test-method status="SKIP" signature="dologin(java.util.Hashtable)[pri:0, instance:com.qtpselenium.core.hybrid.core_hybrid_testcases.GmailLogin@581ac8a8]" name="dologin" duration-ms="10" started-at="2017-04-30T13:52:05Z" data-provider="getData" finished-at="2017-04-30T13:52:05Z">
          <params>
            <param index="0">
              <value>
                <![CDATA[{Name=xxx, Username=QTP, Password=Qtp123, Runmode=N, Browser=Chrome}]]>
              </value>
            </param>
          </params>
          <exception class="org.testng.SkipException">
            <message>
              <![CDATA[Skip exception Raise,RunMode set as N]]>
            </message>
            <full-stacktrace>
              <![CDATA[org.testng.SkipException: Skip exception Raise,RunMode set as N
	at com.qtpselenium.core.hybrid.core_hybrid_testcases.GmailLogin.dologin(GmailLogin.java:34)
	at sun.reflect.NativeMethodAccessorImpl.invoke0(Native Method)
	at sun.reflect.NativeMethodAccessorImpl.invoke(Unknown Source)
	at sun.reflect.DelegatingMethodAccessorImpl.invoke(Unknown Source)
	at java.lang.reflect.Method.invoke(Unknown Source)
	at org.testng.internal.MethodInvocationHelper.invokeMethod(MethodInvocationHelper.java:86)
	at org.testng.internal.Invoker.invokeMethod(Invoker.java:643)
	at org.testng.internal.Invoker.invokeTestMethod(Invoker.java:820)
	at org.testng.internal.Invoker.invokeTestMethods(Invoker.java:1128)
	at org.testng.internal.TestMethodWorker.invokeTestMethods(TestMethodWorker.java:129)
	at org.testng.internal.TestMethodWorker.run(TestMethodWorker.java:112)
	at org.testng.TestRunner.privateRun(TestRunner.java:782)
	at org.testng.TestRunner.run(TestRunner.java:632)
	at org.testng.SuiteRunner.runTest(SuiteRunner.java:366)
	at org.testng.SuiteRunner.runSequentially(SuiteRunner.java:361)
	at org.testng.SuiteRunner.privateRun(SuiteRunner.java:319)
	at org.testng.SuiteRunner.run(SuiteRunner.java:268)
	at org.testng.SuiteRunnerWorker.runSuite(SuiteRunnerWorker.java:52)
	at org.testng.SuiteRunnerWorker.run(SuiteRunnerWorker.java:86)
	at org.testng.TestNG.runSuitesSequentially(TestNG.java:1244)
	at org.testng.TestNG.runSuitesSequentially(TestNG.java:1240)
	at org.testng.TestNG.runSuitesLocally(TestNG.java:1169)
	at org.testng.TestNG.run(TestNG.java:1064)
	at org.testng.remote.AbstractRemoteTestNG.run(AbstractRemoteTestNG.java:126)
	at org.testng.remote.RemoteTestNG.initAndRun(RemoteTestNG.java:137)
	at org.testng.remote.RemoteTestNG.main(RemoteTestNG.java:58)
]]>
            </full-stacktrace>
          </exception> <!-- org.testng.SkipException -->
          <reporter-output>
          </reporter-output>
        </test-method> <!-- dologin -->
        <test-method status="SKIP" signature="dologin(java.util.Hashtable)[pri:0, instance:com.qtpselenium.core.hybrid.core_hybrid_testcases.GmailLogin@581ac8a8]" name="dologin" duration-ms="13" started-at="2017-04-30T13:52:05Z" data-provider="getData" finished-at="2017-04-30T13:52:05Z">
          <params>
            <param index="0">
              <value>
                <![CDATA[{Name=yyy, Username=Toska, Password=Toska123, Runmode=N, Browser=IE}]]>
              </value>
            </param>
          </params>
          <exception class="org.testng.SkipException">
            <message>
              <![CDATA[Skip exception Raise,RunMode set as N]]>
            </message>
            <full-stacktrace>
              <![CDATA[org.testng.SkipException: Skip exception Raise,RunMode set as N
	at com.qtpselenium.core.hybrid.core_hybrid_testcases.GmailLogin.dologin(GmailLogin.java:34)
	at sun.reflect.NativeMethodAccessorImpl.invoke0(Native Method)
	at sun.reflect.NativeMethodAccessorImpl.invoke(Unknown Source)
	at sun.reflect.DelegatingMethodAccessorImpl.invoke(Unknown Source)
	at java.lang.reflect.Method.invoke(Unknown Source)
	at org.testng.internal.MethodInvocationHelper.invokeMethod(MethodInvocationHelper.java:86)
	at org.testng.internal.Invoker.invokeMethod(Invoker.java:643)
	at org.testng.internal.Invoker.invokeTestMethod(Invoker.java:820)
	at org.testng.internal.Invoker.invokeTestMethods(Invoker.java:1128)
	at org.testng.internal.TestMethodWorker.invokeTestMethods(TestMethodWorker.java:129)
	at org.testng.internal.TestMethodWorker.run(TestMethodWorker.java:112)
	at org.testng.TestRunner.privateRun(TestRunner.java:782)
	at org.testng.TestRunner.run(TestRunner.java:632)
	at org.testng.SuiteRunner.runTest(SuiteRunner.java:366)
	at org.testng.SuiteRunner.runSequentially(SuiteRunner.java:361)
	at org.testng.SuiteRunner.privateRun(SuiteRunner.java:319)
	at org.testng.SuiteRunner.run(SuiteRunner.java:268)
	at org.testng.SuiteRunnerWorker.runSuite(SuiteRunnerWorker.java:52)
	at org.testng.SuiteRunnerWorker.run(SuiteRunnerWorker.java:86)
	at org.testng.TestNG.runSuitesSequentially(TestNG.java:1244)
	at org.testng.TestNG.runSuitesSequentially(TestNG.java:1240)
	at org.testng.TestNG.runSuitesLocally(TestNG.java:1169)
	at org.testng.TestNG.run(TestNG.java:1064)
	at org.testng.remote.AbstractRemoteTestNG.run(AbstractRemoteTestNG.java:126)
	at org.testng.remote.RemoteTestNG.initAndRun(RemoteTestNG.java:137)
	at org.testng.remote.RemoteTestNG.main(RemoteTestNG.java:58)
]]>
            </full-stacktrace>
          </exception> <!-- org.testng.SkipException -->
          <reporter-output>
          </reporter-output>
        </test-method> <!-- dologin -->
        <test-method status="PASS" signature="quit()[pri:0, instance:com.qtpselenium.core.hybrid.core_hybrid_testcases.GmailLogin@581ac8a8]" name="quit" is-config="true" duration-ms="828" started-at="2017-04-30T13:52:05Z" finished-at="2017-04-30T13:52:06Z">
          <reporter-output>
          </reporter-output>
        </test-method> <!-- quit -->
      </class> <!-- com.qtpselenium.core.hybrid.core_hybrid_testcases.GmailLogin -->
    </test> <!-- Gmail login -->
  </suite> <!-- Suite_A -->
  <suite name="Suite B" duration-ms="0" started-at="2017-04-30T08:22:06Z" finished-at="2017-04-30T08:22:06Z">
    <groups>
    </groups>
  </suite> <!-- Suite B -->
  <suite name="Suite C" duration-ms="0" started-at="2017-04-30T08:22:06Z" finished-at="2017-04-30T08:22:06Z">
    <groups>
    </groups>
  </suite> <!-- Suite C -->
  <suite name="My Project" duration-ms="0" started-at="2017-04-30T08:22:06Z" finished-at="2017-04-30T08:22:06Z">
    <groups>
    </groups>
  </suite> <!-- My Project -->
</testng-results>
