<?xml version="1.0" encoding="UTF-8"?>
<!-- Generated by org.testng.reporters.JUnitXMLReporter -->
<testsuite hostname="Lenovo-PC" name="Login Test" tests="2" failures="1" timestamp="18 May 2016 14:56:03 GMT" time="9.311" errors="0">
  <testcase name="CustomerLoginTest" time="8.318" classname="com.AltoroMutual.TestCases.CustomerLoginTest">
    <failure type="java.lang.AssertionError" message="expected [Altoro Mutual: Online Banking Home] but found [Altoro Mutual: Online Banking Homexx]">
      <![CDATA[java.lang.AssertionError: expected [Altoro Mutual: Online Banking Home] but found [Altoro Mutual: Online Banking Homexx]
	at com.AltoroMutual.pages.CustomerLogin.CustLoginPage.dologin(CustLoginPage.java:22)
	at com.AltoroMutual.TestCases.CustomerLoginTest.CustomerLoginTest(CustomerLoginTest.java:37)
... Removed 29 stack frames]]>
    </failure>
  </testcase> <!-- CustomerLoginTest -->
  <testcase name="CustomerLoginTest" time="0.001" classname="com.AltoroMutual.TestCases.CustomerLoginTest">
    <skipped/>
  </testcase> <!-- CustomerLoginTest -->
</testsuite> <!-- Login Test -->
