<?xml version="1.0" encoding="UTF-8"?>
<!-- Generated by org.testng.reporters.JUnitXMLReporter -->
<testsuite hostname="Lenovo-PC" name="Gmail login" tests="3" failures="1" timestamp="30 Apr 2017 08:22:06 GMT" time="13.015" errors="0">
  <testcase name="dologin" time="12.082" classname="com.qtpselenium.core.hybrid.core_hybrid_testcases.GmailLogin">
    <failure type="java.lang.AssertionError">
      <![CDATA[java.lang.AssertionError: 
	at com.qtpselenium.core.hybrid.Core_Hybrid_Framework.Keywords.executeKeywords(Keywords.java:65)
	at com.qtpselenium.core.hybrid.core_hybrid_testcases.GmailLogin.dologin(GmailLogin.java:39)
... Removed 26 stack frames]]>
    </failure>
  </testcase> <!-- dologin -->
  <testcase name="dologin" time="0.01" classname="com.qtpselenium.core.hybrid.core_hybrid_testcases.GmailLogin">
    <skipped/>
  </testcase> <!-- dologin -->
  <testcase name="dologin" time="0.013" classname="com.qtpselenium.core.hybrid.core_hybrid_testcases.GmailLogin">
    <skipped/>
  </testcase> <!-- dologin -->
</testsuite> <!-- Gmail login -->
