<html>
<head>
<title>TestNG:  Command line test</title>
<link href="../testng.css" rel="stylesheet" type="text/css" />
<link href="../my-testng.css" rel="stylesheet" type="text/css" />

<style type="text/css">
.log { display: none;} 
.stack-trace { display: none;} 
</style>
<script type="text/javascript">
<!--
function flip(e) {
  current = e.style.display;
  if (current == 'block') {
    e.style.display = 'none';
    return 0;
  }
  else {
    e.style.display = 'block';
    return 1;
  }
}

function toggleBox(szDivId, elem, msg1, msg2)
{
  var res = -1;  if (document.getElementById) {
    res = flip(document.getElementById(szDivId));
  }
  else if (document.all) {
    // this is the way old msie versions work
    res = flip(document.all[szDivId]);
  }
  if(elem) {
    if(res == 0) elem.innerHTML = msg1; else elem.innerHTML = msg2;
  }

}

function toggleAllBoxes() {
  if (document.getElementsByTagName) {
    d = document.getElementsByTagName('div');
    for (i = 0; i < d.length; i++) {
      if (d[i].className == 'log') {
        flip(d[i]);
      }
    }
  }
}

// -->
</script>

</head>
<body>
<h2 align='center'>Command line test</h2><table border='1' align="center">
<tr>
<td>Tests passed/Failed/Skipped:</td><td>15/0/4</td>
</tr><tr>
<td>Started on:</td><td>Tue Mar 08 22:04:46 IST 2016</td>
</tr>
<tr><td>Total time:</td><td>2 seconds (2386 ms)</td>
</tr><tr>
<td>Included groups:</td><td></td>
</tr><tr>
<td>Excluded groups:</td><td></td>
</tr>
</table><p/>
<small><i>(Hover the method name to see the test class name)</i></small><p/>
<table width='100%' border='1' class='invocation-passed'>
<tr><td colspan='4' align='center'><b>PASSED TESTS</b></td></tr>
<tr><td><b>Test method</b></td>
<td width="30%"><b>Exception</b></td>
<td width="10%"><b>Time (seconds)</b></td>
<td><b>Instance</b></td>
</tr>
<tr>
<td title='com.qtpselenium.framework.datadriven.suiteA.Test1.test1()'><b>test1</b><br>Test class: com.qtpselenium.framework.datadriven.suiteA.Test1<br>Parameters: {Col3=C33, Col2=C22, Col1=C11, Runmode=Y, Result=}</td>
<td></td>
<td>0</td>
<td>com.qtpselenium.framework.datadriven.suiteA.Test1@224edc67</td></tr>
<tr>
<td title='com.qtpselenium.framework.datadriven.suiteA.Test1.test1()'><b>test1</b><br>Test class: com.qtpselenium.framework.datadriven.suiteA.Test1<br>Parameters: {Col3=C34, Col2=C23, Col1=C12, Runmode=Y, Result=}</td>
<td></td>
<td>0</td>
<td>com.qtpselenium.framework.datadriven.suiteA.Test1@224edc67</td></tr>
<tr>
<td title='com.qtpselenium.framework.datadriven.suiteA.Test1.test1()'><b>test1</b><br>Test class: com.qtpselenium.framework.datadriven.suiteA.Test1<br>Parameters: {Col3=C35, Col2=C24, Col1=C13, Runmode=Y, Result=}</td>
<td></td>
<td>0</td>
<td>com.qtpselenium.framework.datadriven.suiteA.Test1@224edc67</td></tr>
<tr>
<td title='com.qtpselenium.framework.datadriven.suiteB.Test1.test1()'><b>test1</b><br>Test class: com.qtpselenium.framework.datadriven.suiteB.Test1<br>Parameters: {Col3=C33, Col2=C22, Col1=C11, Runmode=Y, Result=}</td>
<td></td>
<td>0</td>
<td>com.qtpselenium.framework.datadriven.suiteB.Test1@523884b2</td></tr>
<tr>
<td title='com.qtpselenium.framework.datadriven.suiteB.Test1.test1()'><b>test1</b><br>Test class: com.qtpselenium.framework.datadriven.suiteB.Test1<br>Parameters: {Col3=C34, Col2=C23, Col1=C12, Runmode=Y, Result=}</td>
<td></td>
<td>0</td>
<td>com.qtpselenium.framework.datadriven.suiteB.Test1@523884b2</td></tr>
<tr>
<td title='com.qtpselenium.framework.datadriven.suiteB.Test1.test1()'><b>test1</b><br>Test class: com.qtpselenium.framework.datadriven.suiteB.Test1<br>Parameters: {Col3=C35, Col2=C24, Col1=C13, Runmode=Y, Result=}</td>
<td></td>
<td>0</td>
<td>com.qtpselenium.framework.datadriven.suiteB.Test1@523884b2</td></tr>
<tr>
<td title='com.qtpselenium.framework.datadriven.suiteA.Test2.test2()'><b>test2</b><br>Test class: com.qtpselenium.framework.datadriven.suiteA.Test2<br>Parameters: {Col4=C43, Col3=C33, Col2=C22, Col1=C11, Runmode=Y, Result=}</td>
<td></td>
<td>0</td>
<td>com.qtpselenium.framework.datadriven.suiteA.Test2@d8355a8</td></tr>
<tr>
<td title='com.qtpselenium.framework.datadriven.suiteA.Test2.test2()'><b>test2</b><br>Test class: com.qtpselenium.framework.datadriven.suiteA.Test2<br>Parameters: {Col4=C44, Col3=C34, Col2=C23, Col1=C12, Runmode=Y, Result=}</td>
<td></td>
<td>0</td>
<td>com.qtpselenium.framework.datadriven.suiteA.Test2@d8355a8</td></tr>
<tr>
<td title='com.qtpselenium.framework.datadriven.suiteA.Test2.test2()'><b>test2</b><br>Test class: com.qtpselenium.framework.datadriven.suiteA.Test2<br>Parameters: {Col4=C45, Col3=C35, Col2=C24, Col1=C13, Runmode=Y, Result=}</td>
<td></td>
<td>0</td>
<td>com.qtpselenium.framework.datadriven.suiteA.Test2@d8355a8</td></tr>
<tr>
<td title='com.qtpselenium.framework.datadriven.suiteB.Test2.test2()'><b>test2</b><br>Test class: com.qtpselenium.framework.datadriven.suiteB.Test2<br>Parameters: {Col4=C43, Col3=C33, Col2=C22, Col1=C11, Runmode=Y, Result=}</td>
<td></td>
<td>0</td>
<td>com.qtpselenium.framework.datadriven.suiteB.Test2@5b275dab</td></tr>
<tr>
<td title='com.qtpselenium.framework.datadriven.suiteB.Test2.test2()'><b>test2</b><br>Test class: com.qtpselenium.framework.datadriven.suiteB.Test2<br>Parameters: {Col4=C45, Col3=C35, Col2=C24, Col1=C13, Runmode=Y, Result=}</td>
<td></td>
<td>0</td>
<td>com.qtpselenium.framework.datadriven.suiteB.Test2@5b275dab</td></tr>
<tr>
<td title='com.qtpselenium.framework.datadriven.suiteA.Test4.test4()'><b>test4</b><br>Test class: com.qtpselenium.framework.datadriven.suiteA.Test4<br>Parameters: {Col1=C11, Runmode=Y, Result=}</td>
<td></td>
<td>0</td>
<td>com.qtpselenium.framework.datadriven.suiteA.Test4@28d25987</td></tr>
<tr>
<td title='com.qtpselenium.framework.datadriven.suiteA.Test4.test4()'><b>test4</b><br>Test class: com.qtpselenium.framework.datadriven.suiteA.Test4<br>Parameters: {Col1=C12, Runmode=Y, Result=}</td>
<td></td>
<td>0</td>
<td>com.qtpselenium.framework.datadriven.suiteA.Test4@28d25987</td></tr>
<tr>
<td title='com.qtpselenium.framework.datadriven.suiteA.Test5.test5()'><b>test5</b><br>Test class: com.qtpselenium.framework.datadriven.suiteA.Test5<br>Parameters: {Col6=Col63, Col5=C53, Col4=C43, Col3=C33, Col2=C22, Col1=C11, Runmode=Y, Result=}</td>
<td></td>
<td>0</td>
<td>com.qtpselenium.framework.datadriven.suiteA.Test5@4501b7af</td></tr>
<tr>
<td title='com.qtpselenium.framework.datadriven.suiteA.Test5.test5()'><b>test5</b><br>Test class: com.qtpselenium.framework.datadriven.suiteA.Test5<br>Parameters: {Col6=Col65, Col5=C55, Col4=C45, Col3=C35, Col2=C24, Col1=C13, Runmode=Y, Result=}</td>
<td></td>
<td>0</td>
<td>com.qtpselenium.framework.datadriven.suiteA.Test5@4501b7af</td></tr>
</table><p>
<table width='100%' border='1' class='invocation-skipped'>
<tr><td colspan='4' align='center'><b>SKIPPED TESTS</b></td></tr>
<tr><td><b>Test method</b></td>
<td width="30%"><b>Exception</b></td>
<td width="10%"><b>Time (seconds)</b></td>
<td><b>Instance</b></td>
</tr>
<tr>
<td title='com.qtpselenium.framework.datadriven.suiteB.Test2.test2()'><b>test2</b><br>Test class: com.qtpselenium.framework.datadriven.suiteB.Test2<br>Parameters: {Col4=C44, Col3=C34, Col2=C23, Col1=C12, Runmode=N, Result=}</td>
<td><div><pre>org.testng.SkipException: Skipping the testTest2inside the suite SuiteB
	at com.qtp.selenium.framework.datadriven.DataDrivenFramework.TestBase.validateRunmodes(TestBase.java:49)
	at com.qtpselenium.framework.datadriven.suiteB.Test2.test2(Test2.java:16)
... Removed 34 stack frames</pre></div><a href='#' onClick='toggleBox("stack-trace26540753", this, "Click to show all stack frames", "Click to hide stack frames")'>Click to show all stack frames</a>
<div class='stack-trace' id='stack-trace26540753'><pre>org.testng.SkipException: Skipping the testTest2inside the suite SuiteB
	at com.qtp.selenium.framework.datadriven.DataDrivenFramework.TestBase.validateRunmodes(TestBase.java:49)
	at com.qtpselenium.framework.datadriven.suiteB.Test2.test2(Test2.java:16)
	at sun.reflect.NativeMethodAccessorImpl.invoke0(Native Method)
	at sun.reflect.NativeMethodAccessorImpl.invoke(NativeMethodAccessorImpl.java:62)
	at sun.reflect.DelegatingMethodAccessorImpl.invoke(DelegatingMethodAccessorImpl.java:43)
	at java.lang.reflect.Method.invoke(Method.java:497)
	at org.testng.internal.MethodInvocationHelper.invokeMethod(MethodInvocationHelper.java:86)
	at org.testng.internal.Invoker.invokeMethod(Invoker.java:643)
	at org.testng.internal.Invoker.invokeTestMethod(Invoker.java:820)
	at org.testng.internal.Invoker.invokeTestMethods(Invoker.java:1128)
	at org.testng.internal.TestMethodWorker.invokeTestMethods(TestMethodWorker.java:129)
	at org.testng.internal.TestMethodWorker.run(TestMethodWorker.java:112)
	at org.testng.TestRunner.privateRun(TestRunner.java:782)
	at org.testng.TestRunner.run(TestRunner.java:632)
	at org.testng.SuiteRunner.runTest(SuiteRunner.java:366)
	at org.testng.SuiteRunner.runSequentially(SuiteRunner.java:361)
	at org.testng.SuiteRunner.privateRun(SuiteRunner.java:319)
	at org.testng.SuiteRunner.run(SuiteRunner.java:268)
	at org.testng.SuiteRunnerWorker.runSuite(SuiteRunnerWorker.java:52)
	at org.testng.SuiteRunnerWorker.run(SuiteRunnerWorker.java:86)
	at org.testng.TestNG.runSuitesSequentially(TestNG.java:1244)
	at org.testng.TestNG.runSuitesLocally(TestNG.java:1169)
	at org.testng.TestNG.run(TestNG.java:1064)
	at org.apache.maven.surefire.testng.TestNGExecutor.run(TestNGExecutor.java:77)
	at org.apache.maven.surefire.testng.TestNGDirectoryTestSuite.executeMulti(TestNGDirectoryTestSuite.java:159)
	at org.apache.maven.surefire.testng.TestNGDirectoryTestSuite.execute(TestNGDirectoryTestSuite.java:99)
	at org.apache.maven.surefire.testng.TestNGProvider.invoke(TestNGProvider.java:106)
	at sun.reflect.NativeMethodAccessorImpl.invoke0(Native Method)
	at sun.reflect.NativeMethodAccessorImpl.invoke(NativeMethodAccessorImpl.java:62)
	at sun.reflect.DelegatingMethodAccessorImpl.invoke(DelegatingMethodAccessorImpl.java:43)
	at java.lang.reflect.Method.invoke(Method.java:497)
	at org.apache.maven.surefire.util.ReflectionUtils.invokeMethodWithArray(ReflectionUtils.java:189)
	at org.apache.maven.surefire.booter.ProviderFactory$ProviderProxy.invoke(ProviderFactory.java:165)
	at org.apache.maven.surefire.booter.ProviderFactory.invokeProvider(ProviderFactory.java:85)
	at org.apache.maven.surefire.booter.ForkedBooter.runSuitesInProcess(ForkedBooter.java:115)
	at org.apache.maven.surefire.booter.ForkedBooter.main(ForkedBooter.java:75)
</pre></div></td>
<td>0</td>
<td>com.qtpselenium.framework.datadriven.suiteB.Test2@5b275dab</td></tr>
<tr>
<td title='com.qtpselenium.framework.datadriven.suiteA.Test3.test3()'><b>test3</b><br>Test class: com.qtpselenium.framework.datadriven.suiteA.Test3<br>Parameters: {Col5=C53, Col4=C43, Col3=C33, Col2=C22, Col1=C11, Runmode=Y, Result=}</td>
<td><div><pre>org.testng.SkipException: Skipping the testTest3inside the suite SuiteA
	at com.qtp.selenium.framework.datadriven.DataDrivenFramework.TestBase.validateRunmodes(TestBase.java:49)
	at com.qtpselenium.framework.datadriven.suiteA.Test3.test3(Test3.java:19)
... Removed 34 stack frames</pre></div><a href='#' onClick='toggleBox("stack-trace1930240356", this, "Click to show all stack frames", "Click to hide stack frames")'>Click to show all stack frames</a>
<div class='stack-trace' id='stack-trace1930240356'><pre>org.testng.SkipException: Skipping the testTest3inside the suite SuiteA
	at com.qtp.selenium.framework.datadriven.DataDrivenFramework.TestBase.validateRunmodes(TestBase.java:49)
	at com.qtpselenium.framework.datadriven.suiteA.Test3.test3(Test3.java:19)
	at sun.reflect.NativeMethodAccessorImpl.invoke0(Native Method)
	at sun.reflect.NativeMethodAccessorImpl.invoke(NativeMethodAccessorImpl.java:62)
	at sun.reflect.DelegatingMethodAccessorImpl.invoke(DelegatingMethodAccessorImpl.java:43)
	at java.lang.reflect.Method.invoke(Method.java:497)
	at org.testng.internal.MethodInvocationHelper.invokeMethod(MethodInvocationHelper.java:86)
	at org.testng.internal.Invoker.invokeMethod(Invoker.java:643)
	at org.testng.internal.Invoker.invokeTestMethod(Invoker.java:820)
	at org.testng.internal.Invoker.invokeTestMethods(Invoker.java:1128)
	at org.testng.internal.TestMethodWorker.invokeTestMethods(TestMethodWorker.java:129)
	at org.testng.internal.TestMethodWorker.run(TestMethodWorker.java:112)
	at org.testng.TestRunner.privateRun(TestRunner.java:782)
	at org.testng.TestRunner.run(TestRunner.java:632)
	at org.testng.SuiteRunner.runTest(SuiteRunner.java:366)
	at org.testng.SuiteRunner.runSequentially(SuiteRunner.java:361)
	at org.testng.SuiteRunner.privateRun(SuiteRunner.java:319)
	at org.testng.SuiteRunner.run(SuiteRunner.java:268)
	at org.testng.SuiteRunnerWorker.runSuite(SuiteRunnerWorker.java:52)
	at org.testng.SuiteRunnerWorker.run(SuiteRunnerWorker.java:86)
	at org.testng.TestNG.runSuitesSequentially(TestNG.java:1244)
	at org.testng.TestNG.runSuitesLocally(TestNG.java:1169)
	at org.testng.TestNG.run(TestNG.java:1064)
	at org.apache.maven.surefire.testng.TestNGExecutor.run(TestNGExecutor.java:77)
	at org.apache.maven.surefire.testng.TestNGDirectoryTestSuite.executeMulti(TestNGDirectoryTestSuite.java:159)
	at org.apache.maven.surefire.testng.TestNGDirectoryTestSuite.execute(TestNGDirectoryTestSuite.java:99)
	at org.apache.maven.surefire.testng.TestNGProvider.invoke(TestNGProvider.java:106)
	at sun.reflect.NativeMethodAccessorImpl.invoke0(Native Method)
	at sun.reflect.NativeMethodAccessorImpl.invoke(NativeMethodAccessorImpl.java:62)
	at sun.reflect.DelegatingMethodAccessorImpl.invoke(DelegatingMethodAccessorImpl.java:43)
	at java.lang.reflect.Method.invoke(Method.java:497)
	at org.apache.maven.surefire.util.ReflectionUtils.invokeMethodWithArray(ReflectionUtils.java:189)
	at org.apache.maven.surefire.booter.ProviderFactory$ProviderProxy.invoke(ProviderFactory.java:165)
	at org.apache.maven.surefire.booter.ProviderFactory.invokeProvider(ProviderFactory.java:85)
	at org.apache.maven.surefire.booter.ForkedBooter.runSuitesInProcess(ForkedBooter.java:115)
	at org.apache.maven.surefire.booter.ForkedBooter.main(ForkedBooter.java:75)
</pre></div></td>
<td>0</td>
<td>com.qtpselenium.framework.datadriven.suiteA.Test3@59fa1d9b</td></tr>
<tr>
<td title='com.qtpselenium.framework.datadriven.suiteB.Test3.test3()'><b>test3</b><br>Test class: com.qtpselenium.framework.datadriven.suiteB.Test3<br>Parameters: {Col4=, Col3=, Col2=, Col1=, Runmode=, Result=}</td>
<td><div><pre>org.testng.SkipException: Skipping the testTest3inside the suite SuiteB
	at com.qtp.selenium.framework.datadriven.DataDrivenFramework.TestBase.validateRunmodes(TestBase.java:49)
	at com.qtpselenium.framework.datadriven.suiteB.Test3.test3(Test3.java:16)
... Removed 34 stack frames</pre></div><a href='#' onClick='toggleBox("stack-trace1926673338", this, "Click to show all stack frames", "Click to hide stack frames")'>Click to show all stack frames</a>
<div class='stack-trace' id='stack-trace1926673338'><pre>org.testng.SkipException: Skipping the testTest3inside the suite SuiteB
	at com.qtp.selenium.framework.datadriven.DataDrivenFramework.TestBase.validateRunmodes(TestBase.java:49)
	at com.qtpselenium.framework.datadriven.suiteB.Test3.test3(Test3.java:16)
	at sun.reflect.NativeMethodAccessorImpl.invoke0(Native Method)
	at sun.reflect.NativeMethodAccessorImpl.invoke(NativeMethodAccessorImpl.java:62)
	at sun.reflect.DelegatingMethodAccessorImpl.invoke(DelegatingMethodAccessorImpl.java:43)
	at java.lang.reflect.Method.invoke(Method.java:497)
	at org.testng.internal.MethodInvocationHelper.invokeMethod(MethodInvocationHelper.java:86)
	at org.testng.internal.Invoker.invokeMethod(Invoker.java:643)
	at org.testng.internal.Invoker.invokeTestMethod(Invoker.java:820)
	at org.testng.internal.Invoker.invokeTestMethods(Invoker.java:1128)
	at org.testng.internal.TestMethodWorker.invokeTestMethods(TestMethodWorker.java:129)
	at org.testng.internal.TestMethodWorker.run(TestMethodWorker.java:112)
	at org.testng.TestRunner.privateRun(TestRunner.java:782)
	at org.testng.TestRunner.run(TestRunner.java:632)
	at org.testng.SuiteRunner.runTest(SuiteRunner.java:366)
	at org.testng.SuiteRunner.runSequentially(SuiteRunner.java:361)
	at org.testng.SuiteRunner.privateRun(SuiteRunner.java:319)
	at org.testng.SuiteRunner.run(SuiteRunner.java:268)
	at org.testng.SuiteRunnerWorker.runSuite(SuiteRunnerWorker.java:52)
	at org.testng.SuiteRunnerWorker.run(SuiteRunnerWorker.java:86)
	at org.testng.TestNG.runSuitesSequentially(TestNG.java:1244)
	at org.testng.TestNG.runSuitesLocally(TestNG.java:1169)
	at org.testng.TestNG.run(TestNG.java:1064)
	at org.apache.maven.surefire.testng.TestNGExecutor.run(TestNGExecutor.java:77)
	at org.apache.maven.surefire.testng.TestNGDirectoryTestSuite.executeMulti(TestNGDirectoryTestSuite.java:159)
	at org.apache.maven.surefire.testng.TestNGDirectoryTestSuite.execute(TestNGDirectoryTestSuite.java:99)
	at org.apache.maven.surefire.testng.TestNGProvider.invoke(TestNGProvider.java:106)
	at sun.reflect.NativeMethodAccessorImpl.invoke0(Native Method)
	at sun.reflect.NativeMethodAccessorImpl.invoke(NativeMethodAccessorImpl.java:62)
	at sun.reflect.DelegatingMethodAccessorImpl.invoke(DelegatingMethodAccessorImpl.java:43)
	at java.lang.reflect.Method.invoke(Method.java:497)
	at org.apache.maven.surefire.util.ReflectionUtils.invokeMethodWithArray(ReflectionUtils.java:189)
	at org.apache.maven.surefire.booter.ProviderFactory$ProviderProxy.invoke(ProviderFactory.java:165)
	at org.apache.maven.surefire.booter.ProviderFactory.invokeProvider(ProviderFactory.java:85)
	at org.apache.maven.surefire.booter.ForkedBooter.runSuitesInProcess(ForkedBooter.java:115)
	at org.apache.maven.surefire.booter.ForkedBooter.main(ForkedBooter.java:75)
</pre></div></td>
<td>0</td>
<td>com.qtpselenium.framework.datadriven.suiteB.Test3@61832929</td></tr>
<tr>
<td title='com.qtpselenium.framework.datadriven.suiteA.Test5.test5()'><b>test5</b><br>Test class: com.qtpselenium.framework.datadriven.suiteA.Test5<br>Parameters: {Col6=Col64, Col5=C54, Col4=C44, Col3=C34, Col2=C23, Col1=C12, Runmode=N, Result=}</td>
<td><div><pre>org.testng.SkipException: Skipping the testTest5inside the suite SuiteA
	at com.qtp.selenium.framework.datadriven.DataDrivenFramework.TestBase.validateRunmodes(TestBase.java:49)
	at com.qtpselenium.framework.datadriven.suiteA.Test5.test5(Test5.java:15)
... Removed 34 stack frames</pre></div><a href='#' onClick='toggleBox("stack-trace284686302", this, "Click to show all stack frames", "Click to hide stack frames")'>Click to show all stack frames</a>
<div class='stack-trace' id='stack-trace284686302'><pre>org.testng.SkipException: Skipping the testTest5inside the suite SuiteA
	at com.qtp.selenium.framework.datadriven.DataDrivenFramework.TestBase.validateRunmodes(TestBase.java:49)
	at com.qtpselenium.framework.datadriven.suiteA.Test5.test5(Test5.java:15)
	at sun.reflect.NativeMethodAccessorImpl.invoke0(Native Method)
	at sun.reflect.NativeMethodAccessorImpl.invoke(NativeMethodAccessorImpl.java:62)
	at sun.reflect.DelegatingMethodAccessorImpl.invoke(DelegatingMethodAccessorImpl.java:43)
	at java.lang.reflect.Method.invoke(Method.java:497)
	at org.testng.internal.MethodInvocationHelper.invokeMethod(MethodInvocationHelper.java:86)
	at org.testng.internal.Invoker.invokeMethod(Invoker.java:643)
	at org.testng.internal.Invoker.invokeTestMethod(Invoker.java:820)
	at org.testng.internal.Invoker.invokeTestMethods(Invoker.java:1128)
	at org.testng.internal.TestMethodWorker.invokeTestMethods(TestMethodWorker.java:129)
	at org.testng.internal.TestMethodWorker.run(TestMethodWorker.java:112)
	at org.testng.TestRunner.privateRun(TestRunner.java:782)
	at org.testng.TestRunner.run(TestRunner.java:632)
	at org.testng.SuiteRunner.runTest(SuiteRunner.java:366)
	at org.testng.SuiteRunner.runSequentially(SuiteRunner.java:361)
	at org.testng.SuiteRunner.privateRun(SuiteRunner.java:319)
	at org.testng.SuiteRunner.run(SuiteRunner.java:268)
	at org.testng.SuiteRunnerWorker.runSuite(SuiteRunnerWorker.java:52)
	at org.testng.SuiteRunnerWorker.run(SuiteRunnerWorker.java:86)
	at org.testng.TestNG.runSuitesSequentially(TestNG.java:1244)
	at org.testng.TestNG.runSuitesLocally(TestNG.java:1169)
	at org.testng.TestNG.run(TestNG.java:1064)
	at org.apache.maven.surefire.testng.TestNGExecutor.run(TestNGExecutor.java:77)
	at org.apache.maven.surefire.testng.TestNGDirectoryTestSuite.executeMulti(TestNGDirectoryTestSuite.java:159)
	at org.apache.maven.surefire.testng.TestNGDirectoryTestSuite.execute(TestNGDirectoryTestSuite.java:99)
	at org.apache.maven.surefire.testng.TestNGProvider.invoke(TestNGProvider.java:106)
	at sun.reflect.NativeMethodAccessorImpl.invoke0(Native Method)
	at sun.reflect.NativeMethodAccessorImpl.invoke(NativeMethodAccessorImpl.java:62)
	at sun.reflect.DelegatingMethodAccessorImpl.invoke(DelegatingMethodAccessorImpl.java:43)
	at java.lang.reflect.Method.invoke(Method.java:497)
	at org.apache.maven.surefire.util.ReflectionUtils.invokeMethodWithArray(ReflectionUtils.java:189)
	at org.apache.maven.surefire.booter.ProviderFactory$ProviderProxy.invoke(ProviderFactory.java:165)
	at org.apache.maven.surefire.booter.ProviderFactory.invokeProvider(ProviderFactory.java:85)
	at org.apache.maven.surefire.booter.ForkedBooter.runSuitesInProcess(ForkedBooter.java:115)
	at org.apache.maven.surefire.booter.ForkedBooter.main(ForkedBooter.java:75)
</pre></div></td>
<td>0</td>
<td>com.qtpselenium.framework.datadriven.suiteA.Test5@4501b7af</td></tr>
</table><p>
</body>
</html>