<?xml version="1.0" encoding="UTF-8"?>
<!-- Generated by org.testng.reporters.JUnitXMLReporter -->
<testsuite hostname="Lenovo-PC" name="Test 1" tests="3" failures="3" timestamp="2 Apr 2016 17:39:26 GMT" time="1.199" errors="0">
  <testcase name="test1" time="0.124" classname="com.qtpselenium.framework.datadriven.suiteA.Test1">
    <failure type="java.lang.AssertionError" message="expected [B1] but found [A1]">
      <![CDATA[java.lang.AssertionError: expected [B1] but found [A1]
	at com.qtpselenium.framework.datadriven.suiteA.Test1.test1(Test1.java:31)
... Removed 30 stack frames]]>
    </failure>
  </testcase> <!-- test1 -->
  <testcase name="test1" time="0.067" classname="com.qtpselenium.framework.datadriven.suiteA.Test1">
    <failure type="java.lang.AssertionError" message="expected [B1] but found [A1]">
      <![CDATA[java.lang.AssertionError: expected [B1] but found [A1]
	at com.qtpselenium.framework.datadriven.suiteA.Test1.test1(Test1.java:31)
... Removed 30 stack frames]]>
    </failure>
  </testcase> <!-- test1 -->
  <testcase name="test1" time="0.071" classname="com.qtpselenium.framework.datadriven.suiteA.Test1">
    <failure type="java.lang.AssertionError" message="expected [B1] but found [A1]">
      <![CDATA[java.lang.AssertionError: expected [B1] but found [A1]
	at com.qtpselenium.framework.datadriven.suiteA.Test1.test1(Test1.java:31)
... Removed 30 stack frames]]>
    </failure>
  </testcase> <!-- test1 -->
</testsuite> <!-- Test 1 -->
